<?xml version="1.0" encoding="UTF-8"?>
<coverage generated="1688181670792" clover="3.2.0">
  <project timestamp="1688181670792" name="All files">
    <metrics statements="47" coveredstatements="39" conditionals="6" coveredconditionals="6" methods="9" coveredmethods="5" elements="62" coveredelements="50" complexity="0" loc="47" ncloc="47" packages="1" files="1" classes="1"/>
    <file name="route.entity.ts" path="C:\Users\sonho\OneDrive\Área de Trabalho\main\projects\typescript-clean-arch-nodejs-fullcycle\src\entities\route.entity.ts">
      <metrics statements="47" coveredstatements="39" conditionals="6" coveredconditionals="6" methods="9" coveredmethods="5"/>
      <line num="1" count="1" type="stmt"/>
      <line num="2" count="1" type="stmt"/>
      <line num="3" count="1" type="stmt"/>
      <line num="4" count="1" type="stmt"/>
      <line num="5" count="1" type="stmt"/>
      <line num="6" count="1" type="stmt"/>
      <line num="7" count="1" type="stmt"/>
      <line num="8" count="1" type="stmt"/>
      <line num="9" count="1" type="cond" truecount="1" falsecount="0"/>
      <line num="10" count="3" type="stmt"/>
      <line num="11" count="3" type="stmt"/>
      <line num="12" count="3" type="cond" truecount="1" falsecount="0"/>
      <line num="13" count="3" type="stmt"/>
      <line num="14" count="3" type="stmt"/>
      <line num="15" count="3" type="cond" truecount="1" falsecount="0"/>
      <line num="16" count="3" type="stmt"/>
      <line num="17" count="3" type="stmt"/>
      <line num="18" count="3" type="stmt"/>
      <line num="19" count="3" type="cond" truecount="1" falsecount="0"/>
      <line num="20" count="1" type="stmt"/>
      <line num="21" count="1" type="stmt"/>
      <line num="22" count="3" type="stmt"/>
      <line num="23" count="3" type="stmt"/>
      <line num="24" count="0" type="stmt"/>
      <line num="25" count="0" type="stmt"/>
      <line num="26" count="3" type="stmt"/>
      <line num="27" count="3" type="stmt"/>
      <line num="28" count="0" type="stmt"/>
      <line num="29" count="0" type="stmt"/>
      <line num="30" count="3" type="stmt"/>
      <line num="31" count="3" type="cond" truecount="1" falsecount="0"/>
      <line num="32" count="1" type="stmt"/>
      <line num="33" count="1" type="stmt"/>
      <line num="34" count="3" type="stmt"/>
      <line num="35" count="3" type="cond" truecount="1" falsecount="0"/>
      <line num="36" count="1" type="stmt"/>
      <line num="37" count="1" type="stmt"/>
      <line num="38" count="3" type="stmt"/>
      <line num="39" count="3" type="stmt"/>
      <line num="40" count="0" type="stmt"/>
      <line num="41" count="0" type="stmt"/>
      <line num="42" count="3" type="stmt"/>
      <line num="43" count="3" type="stmt"/>
      <line num="44" count="0" type="stmt"/>
      <line num="45" count="0" type="stmt"/>
      <line num="46" count="3" type="stmt"/>
      <line num="47" count="3" type="stmt"/>
    </file>
  </project>
</coverage>
