TN:
SF:src\entities\route.entity.ts
FN:9,<instance_members_initializer>
FN:12,Route
FN:19,updateTitle
FN:23,updateStartPosition
FN:27,updateEndPosition
FN:31,updatePositions
FN:36,updatePoints
FN:40,get title
FN:44,set title
FN:48,get startPosition
FN:52,set startPosition
FN:56,get endPosition
FN:60,set endPosition
FN:64,get points
FN:68,set points
FNF:15
FNH:5
FNDA:1,<instance_members_initializer>
FNDA:1,Route
FNDA:0,updateTitle
FNDA:0,updateStartPosition
FNDA:0,updateEndPosition
FNDA:0,updatePositions
FNDA:1,updatePoints
FNDA:0,get title
FNDA:0,set title
FNDA:0,get startPosition
FNDA:0,set startPosition
FNDA:0,get endPosition
FNDA:0,set endPosition
FNDA:3,get points
FNDA:1,set points
DA:1,1
DA:2,1
DA:3,1
DA:4,1
DA:5,1
DA:6,1
DA:7,1
DA:8,1
DA:9,1
DA:10,1
DA:11,1
DA:12,1
DA:13,1
DA:14,1
DA:15,1
DA:16,1
DA:17,1
DA:18,1
DA:19,1
DA:20,0
DA:21,0
DA:22,1
DA:23,1
DA:24,0
DA:25,0
DA:26,1
DA:27,1
DA:28,0
DA:29,0
DA:30,1
DA:31,1
DA:32,0
DA:33,0
DA:34,0
DA:35,1
DA:36,1
DA:37,1
DA:38,1
DA:39,1
DA:40,1
DA:41,0
DA:42,0
DA:43,1
DA:44,1
DA:45,0
DA:46,0
DA:47,1
DA:48,1
DA:49,0
DA:50,0
DA:51,1
DA:52,1
DA:53,0
DA:54,0
DA:55,1
DA:56,1
DA:57,0
DA:58,0
DA:59,1
DA:60,1
DA:61,0
DA:62,0
DA:63,1
DA:64,1
DA:65,3
DA:66,3
DA:67,1
DA:68,1
DA:69,1
DA:70,1
DA:71,1
DA:72,1
LF:72
LH:51
BRDA:9,0,0,1
BRDA:12,1,0,1
BRDA:15,2,0,0
BRDA:36,3,0,1
BRDA:64,4,0,3
BRDA:68,5,0,1
BRF:6
BRH:5
end_of_record
