TN:
SF:src\entities\route.entity.ts
FN:9,<instance_members_initializer>
FN:12,Route
FN:19,updateTitle
FN:23,updateStartPosition
FN:27,updateEndPosition
FN:31,updatePositions
FN:36,updatePoints
FN:40,get title
FN:44,set title
FN:48,get startPosition
FN:52,set startPosition
FN:56,get endPosition
FN:60,set endPosition
FN:64,get points
FN:68,set points
FNF:15
FNH:15
FNDA:7,<instance_members_initializer>
FNDA:7,Route
FNDA:1,updateTitle
FNDA:2,updateStartPosition
FNDA:2,updateEndPosition
FNDA:1,updatePositions
FNDA:1,updatePoints
FNDA:1,get title
FNDA:1,set title
FNDA:2,get startPosition
FNDA:2,set startPosition
FNDA:2,get endPosition
FNDA:2,set endPosition
FNDA:1,get points
FNDA:1,set points
DA:1,1
DA:2,1
DA:3,1
DA:4,1
DA:5,1
DA:6,1
DA:7,1
DA:8,1
DA:9,1
DA:10,7
DA:11,7
DA:12,7
DA:13,7
DA:14,7
DA:15,7
DA:16,7
DA:17,7
DA:18,7
DA:19,7
DA:20,1
DA:21,1
DA:22,7
DA:23,7
DA:24,2
DA:25,2
DA:26,7
DA:27,7
DA:28,2
DA:29,2
DA:30,7
DA:31,7
DA:32,1
DA:33,1
DA:34,1
DA:35,7
DA:36,7
DA:37,1
DA:38,1
DA:39,7
DA:40,7
DA:41,1
DA:42,1
DA:43,7
DA:44,7
DA:45,1
DA:46,1
DA:47,7
DA:48,7
DA:49,2
DA:50,2
DA:51,7
DA:52,7
DA:53,2
DA:54,2
DA:55,7
DA:56,7
DA:57,2
DA:58,2
DA:59,7
DA:60,7
DA:61,2
DA:62,2
DA:63,7
DA:64,7
DA:65,1
DA:66,1
DA:67,7
DA:68,7
DA:69,1
DA:70,1
DA:71,7
DA:72,7
LF:72
LH:72
BRDA:9,0,0,7
BRDA:12,1,0,7
BRDA:15,2,0,1
BRDA:19,3,0,1
BRDA:23,4,0,2
BRDA:27,5,0,2
BRDA:31,6,0,1
BRDA:36,7,0,1
BRDA:40,8,0,1
BRDA:44,9,0,1
BRDA:48,10,0,2
BRDA:52,11,0,2
BRDA:56,12,0,2
BRDA:60,13,0,2
BRDA:64,14,0,1
BRDA:68,15,0,1
BRF:16
BRH:16
end_of_record
